<?xml version="1.0" encoding="UTF-8"?>
<testsuite name="be.vdab.BreukTest" tests="5" skipped="0" failures="0" errors="0" timestamp="2018-06-19T12:31:10" hostname="WP2783" time="0.006">
  <properties/>
  <testcase name="omkeren" classname="be.vdab.BreukTest" time="0.001"/>
  <testcase name="optellen" classname="be.vdab.BreukTest" time="0.0"/>
  <testcase name="delen" classname="be.vdab.BreukTest" time="0.001"/>
  <testcase name="vermenigvuldigen" classname="be.vdab.BreukTest" time="0.001"/>
  <testcase name="aftrekken" classname="be.vdab.BreukTest" time="0.001"/>
  <system-out><![CDATA[BEFORE ALL THE THINGS
4/2
22/20
10/12
6/20
-2/20
AFTER ALL THE THINGS
]]></system-out>
  <system-err><![CDATA[]]></system-err>
</testsuite>
