<?xml version="1.0" encoding="UTF-8"?>
<testsuite name="be.vdab.SoldierTest" tests="1" skipped="0" failures="0" errors="0" timestamp="2018-06-19T12:31:10" hostname="WP2783" time="0.001">
  <properties/>
  <testcase name="soldiersHaveAName" classname="be.vdab.SoldierTest" time="0.001"/>
  <system-out><![CDATA[CONSTRUCTOR MET NAAM Jimi
]]></system-out>
  <system-err><![CDATA[]]></system-err>
</testsuite>
