<?xml version="1.0" encoding="UTF-8"?>
<testsuite name="be.vdab.LottoTest" tests="1" skipped="0" failures="0" errors="0" timestamp="2018-06-19T12:31:10" hostname="WP2783" time="0.013">
  <properties/>
  <testcase name="lottoTrekkingDoesNotMisbehave" classname="be.vdab.LottoTest" time="0.013"/>
  <system-out><![CDATA[]]></system-out>
  <system-err><![CDATA[]]></system-err>
</testsuite>
